{"level":"info","message":"Example app listening on port 3010","service":"user-service"}
{"level":"info","message":"Example app listening on port 3010","service":"user-service"}
{"level":"error","service":"user-service"}
{"level":"info","message":"Example app listening on port 3010","service":"user-service"}
{"level":"error","message":"Session not found","service":"user-service"}
{"level":"error","message":"Session not found","service":"user-service"}
{"level":"info","message":"Example app listening on port 3010","module":"index"}
{"level":"error","message":"Session not found","module":"user-service"}
{"level":"info","message":"Example app listening on port 3010","module":"index","timestamp":"2022-03-20T04:08:48.942Z"}
2022-03-20T04:13:12.683Z [32minfo[39m: 	Example app listening on port 3010
2022-03-20T04:17:19.163Z [32minfo[39m: 	Example app listening on port 3010
2022-03-20T04:18:11.894Z [32minfo[39m: 	Example app listening on port 3010
2022-03-20T04:18:42.123Z [32minfo[39m: Example app listening on port 3010
2022-03-20T04:19:10.419Z [32minfo[39m: Example app listening on port 3010
2022-03-20T04:19:58.077Z [32minfo[39m: Example app listening on port 3010
2022-03-20T04:20:05.227Z [32minfo[39m: Example app listening on port 3010
2022-03-20T04:20:13.995Z [32minfo[39m: Example app listening on port 3010
2022-03-20T04:20:21.369Z [32minfo[39m: Example app listening on port 3010
2022-03-20T04:20:33.829Z [31merror[39m: Session not found
2022-03-20T04:20:58.422Z [32minfo[39m: Example app listening on port 3010
2022-03-20T04:21:06.875Z [32minfo[39m: Example app listening on port 3010
2022-03-20T04:21:10.244Z [31merror[39m: Session not found
2022-03-20T04:21:19.852Z [32minfo[39m: Example app listening on port 3010
2022-03-20T04:21:54.045Z [32minfo[39m: Example app listening on port 3010
2022-03-20T04:21:58.741Z [31merror[39m: Session not found
2022-03-20T04:25:36.351Z [32minfo[39m: Example app listening on port 3010
2022-03-20T04:25:45.501Z [31merror[39m: Session not found
2022-03-20T04:25:59.762Z [32minfo[39m: Example app listening on port 3010
2022-03-20T04:27:02.591Z [32minfo[39m: Example app listening on port 3010
2022-03-20T04:27:07.166Z [31merror[39m: Session not found
2022-03-20T04:29:18.620Z [32minfo[39m: Example app listening on port 3010
2022-03-20T04:35:07.056Z [32minfo[39m: Example app listening on port 3010
2022-03-20T04:50:21.606Z [32minfo[39m: Example app listening on port 3010
2022-03-20T04:50:45.621Z [32minfo[39m: Example app listening on port 3010
2022-03-20T04:53:17.264Z [32minfo[39m: Example app listening on port 3010
2022-03-20T04:53:52.283Z [32minfo[39m: Example app listening on port 3010
2022-03-20T04:54:43.815Z [32minfo[39m: Example app listening on port 3010
2022-03-20T04:55:34.292Z [32minfo[39m: Example app listening on port 3010
2022-03-20T04:56:31.998Z [32minfo[39m: Example app listening on port 3010
2022-03-20T04:57:36.792Z [32minfo[39m: Example app listening on port 3010
2022-03-20T04:58:32.934Z [32minfo[39m: Example app listening on port 3010
2022-03-20T04:59:01.337Z [32minfo[39m: Example app listening on port 3010
2022-03-20T05:00:53.851Z [32minfo[39m: Example app listening on port 3010
2022-03-20T05:02:19.231Z [32minfo[39m: Example app listening on port 3010
2022-03-20T05:04:47.401Z [32minfo[39m: Example app listening on port 3010
2022-03-20T05:05:19.681Z [32minfo[39m: Example app listening on port 3010
2022-03-20T05:06:48.062Z [32minfo[39m: Example app listening on port 3010
2022-03-20T05:07:11.340Z [32minfo[39m: Example app listening on port 3010
2022-03-20T05:35:39.326Z [32minfo[39m: Example app listening on port 3010
2022-03-20T05:38:34.874Z [32minfo[39m: Example app listening on port 3010
2022-03-20T05:39:46.430Z [32minfo[39m: Example app listening on port 3010
2022-03-20T05:40:01.090Z [32minfo[39m: Example app listening on port 3010
2022-03-20T05:40:42.344Z [32minfo[39m: Example app listening on port 3010
2022-03-20T05:42:46.594Z [32minfo[39m: Example app listening on port 3010
2022-03-20T05:43:53.543Z [32minfo[39m: Example app listening on port 3010
2022-03-20T05:45:00.905Z [32minfo[39m: Example app listening on port 3010
2022-03-20T05:45:51.291Z [32minfo[39m: Example app listening on port 3010
2022-03-20T05:46:56.120Z [32minfo[39m: Example app listening on port 3010
2022-03-20T05:47:23.987Z [32minfo[39m: Example app listening on port 3010
2022-03-20T05:48:07.948Z [32minfo[39m: Example app listening on port 3010
2022-03-20T05:49:04.470Z [32minfo[39m: Example app listening on port 3010
2022-03-20T05:52:15.309Z [32minfo[39m: Example app listening on port 3010
2022-03-27T03:46:20.142Z [32minfo[39m: Example app listening on port 3010
2022-03-27T03:47:26.796Z [32minfo[39m: Example app listening on port 3010
2022-03-27T03:48:49.747Z [32minfo[39m: Example app listening on port 3010
2022-03-27T03:51:52.532Z [32minfo[39m: Example app listening on port 3010
2022-03-27T04:02:15.248Z [32minfo[39m: Example app listening on port 3010
2022-03-27T04:03:09.287Z [32minfo[39m: Example app listening on port 3010
2022-03-27T04:05:35.282Z [32minfo[39m: Example app listening on port 3010
2022-03-27T04:06:59.484Z [32minfo[39m: Example app listening on port 3010
2022-03-27T04:08:54.324Z [32minfo[39m: Example app listening on port 3010
2022-03-27T04:09:24.985Z [32minfo[39m: Example app listening on port 3010
2022-03-27T04:10:37.243Z [32minfo[39m: Example app listening on port 3010
2022-03-27T04:12:09.310Z [32minfo[39m: Example app listening on port 3010
2022-03-27T04:12:38.854Z [32minfo[39m: Example app listening on port 3010
2022-03-27T04:20:33.165Z [32minfo[39m: Example app listening on port 3010
2022-03-27T04:23:08.586Z [32minfo[39m: Example app listening on port 3010
2022-03-27T04:23:33.185Z [32minfo[39m: Example app listening on port 3010
2022-03-27T04:37:50.634Z [32minfo[39m: Example app listening on port 3010
2022-03-27T04:38:43.327Z [32minfo[39m: Example app listening on port 3010
2022-03-27T04:41:37.406Z [32minfo[39m: Example app listening on port 3010
2022-03-27T05:03:14.255Z [32minfo[39m: Example app listening on port 3010
2022-03-27T05:04:56.731Z [32minfo[39m: Example app listening on port 3010
2022-03-27T05:07:50.681Z [32minfo[39m: Example app listening on port 3010
2022-03-27T05:08:08.661Z [32minfo[39m: Example app listening on port 3010
2022-03-27T05:08:29.421Z [32minfo[39m: Example app listening on port 3010
2022-03-27T05:09:40.549Z [32minfo[39m: Example app listening on port 3010
2022-03-27T05:10:08.351Z [32minfo[39m: Example app listening on port 3010
2022-03-27T05:11:26.061Z [32minfo[39m: Example app listening on port 3010
2022-03-27T05:12:08.450Z [32minfo[39m: Example app listening on port 3010
2022-03-27T05:27:57.471Z [32minfo[39m: Example app listening on port 3010
2022-03-27T05:31:46.378Z [32minfo[39m: Example app listening on port 3010
2022-03-27T05:31:58.822Z [32minfo[39m: Example app listening on port 3010
2022-03-27T05:32:50.061Z [32minfo[39m: Example app listening on port 3010
2022-03-27T05:33:27.284Z [32minfo[39m: Example app listening on port 3010
2022-03-27T05:35:27.335Z [32minfo[39m: Example app listening on port 3010
2022-03-27T05:43:31.384Z [32minfo[39m: Example app listening on port 3010
2022-03-27T05:45:12.260Z [32minfo[39m: Example app listening on port 3010
2022-03-27T05:48:57.683Z [32minfo[39m: Example app listening on port 3010
2022-03-27T05:49:33.067Z [32minfo[39m: Example app listening on port 3010
2022-03-27T05:51:45.485Z [32minfo[39m: Example app listening on port 3010
2022-03-27T05:54:46.336Z [32minfo[39m: Example app listening on port 3010
